TN:
SF:/Users/Alonzo/Dev/ReactNative/VueOrganizer/resource-organizer-vue/src/components/detail-display.vue
FNF:0
FNH:0
LF:0
LH:0
BRF:0
BRH:0
end_of_record
TN:
SF:/Users/Alonzo/Dev/ReactNative/VueOrganizer/resource-organizer-vue/src/components/summary-display.vue
FNF:0
FNH:0
LF:0
LH:0
BRF:0
BRH:0
end_of_record
TN:
SF:/Users/Alonzo/Dev/ReactNative/VueOrganizer/resource-organizer-vue/src/components/city-directory.vue
FN:43,(anonymous_0)
FN:50,(anonymous_1)
FN:71,(anonymous_2)
FNF:3
FNH:3
FNDA:1,(anonymous_0)
FNDA:1,(anonymous_1)
FNDA:1,(anonymous_2)
DA:44,1
DA:51,1
DA:52,1
DA:53,1
DA:54,1
DA:56,1
DA:57,1
DA:58,1
DA:61,1
DA:62,3
DA:71,1
LF:11
LH:11
BRF:0
BRH:0
end_of_record
TN:
SF:/Users/Alonzo/Dev/ReactNative/VueOrganizer/resource-organizer-vue/src/util.js
FN:5,siteTestData
FNF:1
FNH:1
FNDA:3,siteTestData
DA:6,3
DA:11,3
DA:16,3
DA:22,3
DA:41,3
LF:5
LH:5
BRF:0
BRH:0
end_of_record
